<?xml version="1.0" encoding="UTF-8"?>
<!-- Generated by org.testng.reporters.JUnitXMLReporter -->
<testsuite ignored="0" hostname="LAPTOP-9N9IQFPH" failures="0" tests="3" name="Default test" time="3.73" errors="0" timestamp="2022-07-02T13:00:42 IST">
  <testcase classname="testNG.suiteExample" name="openGoogle" time="2.273"/>
  <testcase classname="testNG.suiteExample" name="openbing" time="0.35"/>
  <testcase classname="testNG.suiteExample" name="openfaceboook" time="1.087"/>
</testsuite> <!-- Default test -->
