<?xml version="1.0" encoding="UTF-8"?>
<!-- Generated by org.testng.reporters.JUnitXMLReporter -->
<testsuite ignored="1" hostname="LAPTOP-9N9IQFPH" failures="0" tests="9" name="Test Case" time="4.2" errors="0" timestamp="2022-07-17T11:42:17 IST">
  <testcase classname="testNG.dependencieManagement" name="highschool" time="0.003"/>
  <testcase classname="testNG.dependencieManagement" name="higherSecondary" time="0.001"/>
  <testcase classname="testNG.dependencieManagement" name="engineering" time="0.001"/>
  <testcase classname="testNG.priorotyAndSkipTC" name="firstTC" time="0.0"/>
  <testcase classname="testNG.priorotyAndSkipTC" name="secondTC" time="0.0"/>
  <testcase classname="testNG.priorotyAndSkipTC" name="fourthTC" time="0.0"/>
  <testcase classname="testNG.suiteExample" name="openGoogle" time="2.917"/>
  <testcase classname="testNG.suiteExample" name="openbing" time="0.37"/>
  <testcase classname="testNG.suiteExample" name="openfaceboook" time="0.887"/>
  <testcase classname="testNG.priorotyAndSkipTC" name="thirdTC" time="0.0">
    <ignored/>
  </testcase> <!-- thirdTC -->
</testsuite> <!-- Test Case -->
